<?xml version="1.0" encoding="UTF-8"?>
<!-- Generated by org.testng.reporters.JUnitReportReporter -->
<testsuite hostname="DESKTOP-TO48BTQ" failures="0" tests="1" name="HelloWorld_Vis.TestHelloWorld" time="0.005" errors="0" timestamp="2020-10-07T19:16:15 EDT" skipped="0">
  <testcase classname="HelloWorld_Vis.TestHelloWorld" name="TestHelloWorld" time="0.005"/>
  <system-out/>
</testsuite> <!-- HelloWorld_Vis.TestHelloWorld -->
